<step title="BackgroundTrace" date="2025-10-26T18:44:32.879" instance="14081d" url="/api/publish" method="POST" >
  <step title="Cleanup Xml Logs" date="2025-10-26T18:44:32.930" /><!-- duration: 20ms -->
  <step title="Creating temporary deployment - FetchDeploymentManager" date="2025-10-26T18:44:33.231" /><!-- duration: 2ms -->
  <step title="Creating temporary deployment" date="2025-10-26T18:44:33.243" /><!-- duration: 162ms -->
  <step title="Performing fetch based deployment" date="2025-10-26T18:44:33.554" >
    <step title="Cleaning up temp folders from previous zip deployments and extracting pushed zip file /tmp/zipdeploy/bfb8eb4e-a418-41b8-904f-38b0cb119000.zip (0.02 MB) to /tmp/zipdeploy/extracted" date="2025-10-26T18:44:34.757" >
      <step title="ChmodRecursive Process exited with total time taken in ms: 41" date="2025-10-26T18:44:34.835" /><!-- duration: 9ms -->
    </step><!-- duration: 88ms -->
    <step title="Deployment timer started" date="2025-10-26T18:44:36.857" >
      <step title="DeploymentManager.Deploy(id:886ad120-3526-4ec1-8b7f-4e5a90f157a9)" date="2025-10-26T18:44:36.861" >
        <step title="Collecting changeset information" date="2025-10-26T18:44:36.869" /><!-- duration: 66ms -->
        <step title="Updating submodules" date="2025-10-26T18:44:36.939" /><!-- duration: 1120ms -->
        <step title="Determining deployment builder" date="2025-10-26T18:44:38.263" >
          <step title="Builder is OryxBuilder" date="2025-10-26T18:44:38.301" /><!-- duration: 13ms -->
        </step><!-- duration: 71ms -->
        <step title="PreDeployment: context.CleanOutputPath False" date="2025-10-26T18:44:38.372" >
          <step title="PreDeployment: context.OutputPath /home/site/wwwroot" date="2025-10-26T18:44:38.622" >
            <step title="Building" date="2025-10-26T18:44:38.772" >
              <step title="Executing external process" date="2025-10-26T18:44:39.090" type="process" path="bash" arguments="-c &quot;oryx build /tmp/zipdeploy/extracted -o /home/site/wwwroot --platform nodejs --platform-version 20 -p virtualenv_name= --log-file /tmp/build-debug.log  -i /tmp/8de14bfb783accf -p compress_node_modules=tar-gz | tee /tmp/oryx-build.log ; exit $PIPESTATUS &quot;" >
                <step title="Cpu: npm install(973,25.230s)+build.sh(872,0.060s)+oryx(852,9.830s)+tee(853,0.000s)+bash(851,0.000s)=total(35.100s)" date="2025-10-26T18:46:36.440" /><!-- duration: 32ms -->
                <step title="bash: no io activity for 61s, prev-cpu=-1.000s, current-cpu=35.100s" date="2025-10-26T18:46:36.530" /><!-- duration: 20ms -->
                <step title="Cpu: npm install(973,49.840s)+build.sh(872,0.060s)+oryx(852,9.960s)+tee(853,0.000s)+bash(851,0.000s)=total(59.850s)" date="2025-10-26T18:47:37.346" /><!-- duration: 61ms -->
                <step title="bash: no io activity for 122s, prev-cpu=35.100s, current-cpu=59.850s" date="2025-10-26T18:47:37.476" /><!-- duration: 71ms -->
                <step title="Cpu: npm install(973,72.910s)+build.sh(872,0.060s)+oryx(852,10.030s)+tee(853,0.000s)+bash(851,0.000s)=total(83.000s)" date="2025-10-26T18:48:38.454" /><!-- duration: 59ms -->
                <step title="bash: no io activity for 183s, prev-cpu=59.850s, current-cpu=83.000s" date="2025-10-26T18:48:38.634" /><!-- duration: 50ms -->
                <step title="Cpu: npm install(973,103.060s)+build.sh(872,0.060s)+oryx(852,10.070s)+tee(853,0.000s)+bash(851,0.000s)=total(113.180s)" date="2025-10-26T18:49:39.230" /><!-- duration: 12ms -->
                <step title="bash: no io activity for 244s, prev-cpu=83.000s, current-cpu=113.180s" date="2025-10-26T18:49:39.261" /><!-- duration: 11ms -->
                <step title="Cpu: npm install(973,174.260s)+build.sh(872,0.060s)+oryx(852,10.630s)+tee(853,0.000s)+bash(851,0.000s)=total(184.900s)" date="2025-10-26T18:52:29.364" /><!-- duration: 48ms -->
                <step title="bash: no io activity for 61s, prev-cpu=-1.000s, current-cpu=184.900s" date="2025-10-26T18:52:29.484" /><!-- duration: 50ms -->
                <step title="Cpu: npm install(973,193.710s)+build.sh(872,0.060s)+oryx(852,10.760s)+tee(853,0.000s)+bash(851,0.000s)=total(204.520s)" date="2025-10-26T18:53:39.940" /><!-- duration: 11ms -->
                <step title="bash: no io activity for 61s, prev-cpu=-1.000s, current-cpu=204.520s" date="2025-10-26T18:53:40.011" /><!-- duration: 21ms -->
                <step title="Cpu: npm install(973,214.730s)+build.sh(872,0.060s)+oryx(852,10.840s)+tee(853,0.000s)+bash(851,0.000s)=total(225.470s)" date="2025-10-26T18:54:42.572" /><!-- duration: 80ms -->
                <step title="bash: no io activity for 122s, prev-cpu=204.520s, current-cpu=225.470s" date="2025-10-26T18:54:42.740" /><!-- duration: 20ms -->
                <step title="Process dump" date="2025-10-26T18:55:28.361" exitCode="1" type="processOutput" /><!-- duration: 8ms -->
              </step><!-- duration: 649330ms -->
              <step title="Error occurred" date="2025-10-26T18:55:29.120" type="error" text="npm warn deprecated inflight@1.0.6: This module is not supported, and leaks memory. Do not use it. Check out lru-cache if you want a good and tested way to coalesce async requests by a key value, which is much more comprehensive and powerful.
npm warn deprecated abab@2.0.6: Use your platform&apos;s native atob() and btoa() methods instead
npm warn deprecated domexception@4.0.0: Use your platform&apos;s native DOMException instead
npm warn deprecated rimraf@3.0.2: Rimraf versions prior to v4 are no longer supported
npm warn deprecated @humanwhocodes/object-schema@2.0.3: Use @eslint/object-schema instead
npm warn deprecated @humanwhocodes/config-array@0.13.0: Use @eslint/config-array instead
npm warn deprecated glob@7.2.3: Glob versions prior to v9 are no longer supported
npm warn deprecated glob@7.2.3: Glob versions prior to v9 are no longer supported
npm warn deprecated glob@7.2.3: Glob versions prior to v9 are no longer supported
npm warn deprecated glob@7.2.3: Glob versions prior to v9 are no longer supported
npm warn deprecated glob@7.2.3: Glob versions prior to v9 are no longer supported
npm warn deprecated eslint@8.57.1: This version is no longer supported. Please see https://eslint.org/version-support for other options.
npm notice
npm notice New major version of npm available! 10.8.2 -&gt; 11.6.2
npm notice Changelog: https://github.com/npm/cli/releases/tag/v11.6.2
npm notice To update run: npm install -g npm@11.6.2
npm notice
 ⚠ You are using a non-standard &quot;NODE_ENV&quot; value in your environment. This creates inconsistencies in the project and is strongly advised against. Read more: https://nextjs.org/docs/messages/non-standard-node-env

&gt; Build error occurred
Error: error TS5083: Cannot read file &apos;/tsconfig.json&apos;.

    at getTypeScriptConfiguration (/tmp/8de14bfb783accf/node_modules/next/dist/lib/typescript/getTypeScriptConfiguration.js:49:19)
    at loadJsConfig (/tmp/8de14bfb783accf/node_modules/next/dist/build/load-jsconfig.js:112:91)
    at async loadProjectInfo (/tmp/8de14bfb783accf/node_modules/next/dist/build/webpack-config.js:283:43)
    at async /tmp/8de14bfb783accf/node_modules/next/dist/build/webpack-build/impl.js:137:22
    at async Span.traceAsyncFn (/tmp/8de14bfb783accf/node_modules/next/dist/trace/trace.js:154:20)
    at async webpackBuildImpl (/tmp/8de14bfb783accf/node_modules/next/dist/build/webpack-build/impl.js:136:21)
    at async Object.workerMain (/tmp/8de14bfb783accf/node_modules/next/dist/build/webpack-build/impl.js:330:20) {
  type: &apos;FatalError&apos;
}
/bin/bash -c &quot;oryx build /tmp/zipdeploy/extracted -o /home/site/wwwroot --platform nodejs --platform-version 20 -p virtualenv_name= --log-file /tmp/build-debug.log  -i /tmp/8de14bfb783accf -p compress_node_modules=tar-gz | tee /tmp/oryx-build.log ; exit $PIPESTATUS &quot;" stackTrace="   at Kudu.Core.Infrastructure.Executable.ExecuteInternal(ITracer tracer, Func`2 onWriteOutput, Func`2 onWriteError, CancellationToken token, Encoding encoding, String arguments, Object[] args) in /tmp/KuduLite/Kudu.Core/Infrastructure/Executable.cs:line 239
   at Kudu.Core.Infrastructure.Executable.ExecuteWithProgressWriter(ILogger logger, ITracer tracer, CancellationToken token, String arguments, Object[] args) in /tmp/KuduLite/Kudu.Core/Infrastructure/Executable.cs:line 118
   at Kudu.Core.Deployment.Generator.ExternalCommandBuilder.RunCommand(DeploymentContext context, String command, Boolean ignoreManifest, CancellationToken token, String message) in /tmp/KuduLite/Kudu.Core/Deployment/Generator/ExternalCommandBuilder.cs:line 122" /><!-- duration: 13ms -->
              <step title="Error occurred" date="2025-10-26T18:55:29.439" type="error" text="npm warn deprecated inflight@1.0.6: This module is not supported, and leaks memory. Do not use it. Check out lru-cache if you want a good and tested way to coalesce async requests by a key value, which is much more comprehensive and powerful.
npm warn deprecated abab@2.0.6: Use your platform&apos;s native atob() and btoa() methods instead
npm warn deprecated domexception@4.0.0: Use your platform&apos;s native DOMException instead
npm warn deprecated rimraf@3.0.2: Rimraf versions prior to v4 are no longer supported
npm warn deprecated @humanwhocodes/object-schema@2.0.3: Use @eslint/object-schema instead
npm warn deprecated @humanwhocodes/config-array@0.13.0: Use @eslint/config-array instead
npm warn deprecated glob@7.2.3: Glob versions prior to v9 are no longer supported
npm warn deprecated glob@7.2.3: Glob versions prior to v9 are no longer supported
npm warn deprecated glob@7.2.3: Glob versions prior to v9 are no longer supported
npm warn deprecated glob@7.2.3: Glob versions prior to v9 are no longer supported
npm warn deprecated glob@7.2.3: Glob versions prior to v9 are no longer supported
npm warn deprecated eslint@8.57.1: This version is no longer supported. Please see https://eslint.org/version-support for other options.
npm notice
npm notice New major version of npm available! 10.8.2 -&gt; 11.6.2
npm notice Changelog: https://github.com/npm/cli/releases/tag/v11.6.2
npm notice To update run: npm install -g npm@11.6.2
npm notice
 ⚠ You are using a non-standard &quot;NODE_ENV&quot; value in your environment. This creates inconsistencies in the project and is strongly advised against. Read more: https://nextjs.org/docs/messages/non-standard-node-env

&gt; Build error occurred
Error: error TS5083: Cannot read file &apos;/tsconfig.json&apos;.

    at getTypeScriptConfiguration (/tmp/8de14bfb783accf/node_modules/next/dist/lib/typescript/getTypeScriptConfiguration.js:49:19)
    at loadJsConfig (/tmp/8de14bfb783accf/node_modules/next/dist/build/load-jsconfig.js:112:91)
    at async loadProjectInfo (/tmp/8de14bfb783accf/node_modules/next/dist/build/webpack-config.js:283:43)
    at async /tmp/8de14bfb783accf/node_modules/next/dist/build/webpack-build/impl.js:137:22
    at async Span.traceAsyncFn (/tmp/8de14bfb783accf/node_modules/next/dist/trace/trace.js:154:20)
    at async webpackBuildImpl (/tmp/8de14bfb783accf/node_modules/next/dist/build/webpack-build/impl.js:136:21)
    at async Object.workerMain (/tmp/8de14bfb783accf/node_modules/next/dist/build/webpack-build/impl.js:330:20) {
  type: &apos;FatalError&apos;
}
/bin/bash -c &quot;oryx build /tmp/zipdeploy/extracted -o /home/site/wwwroot --platform nodejs --platform-version 20 -p virtualenv_name= --log-file /tmp/build-debug.log  -i /tmp/8de14bfb783accf -p compress_node_modules=tar-gz | tee /tmp/oryx-build.log ; exit $PIPESTATUS &quot;" stackTrace="   at Kudu.Core.Infrastructure.Executable.ExecuteInternal(ITracer tracer, Func`2 onWriteOutput, Func`2 onWriteError, CancellationToken token, Encoding encoding, String arguments, Object[] args) in /tmp/KuduLite/Kudu.Core/Infrastructure/Executable.cs:line 239
   at Kudu.Core.Infrastructure.Executable.ExecuteWithProgressWriter(ILogger logger, ITracer tracer, CancellationToken token, String arguments, Object[] args) in /tmp/KuduLite/Kudu.Core/Infrastructure/Executable.cs:line 118
   at Kudu.Core.Deployment.Generator.ExternalCommandBuilder.RunCommand(DeploymentContext context, String command, Boolean ignoreManifest, CancellationToken token, String message) in /tmp/KuduLite/Kudu.Core/Deployment/Generator/ExternalCommandBuilder.cs:line 122
   at Kudu.Core.Deployment.Generator.OryxBuilder.RunBuildCommand(IOryxArguments args, DeploymentContext context, CancellationToken token) in /tmp/KuduLite/Kudu.Core/Deployment/Generator/OryxBuilder.cs:line 295
   at Kudu.Core.Deployment.Generator.OryxBuilder.Build(DeploymentContext context, CancellationToken token) in /tmp/KuduLite/Kudu.Core/Deployment/Generator/OryxBuilder.cs:line 136
   at Kudu.Core.Deployment.DeploymentManager.Build(ChangeSet changeSet, ITracer tracer, IDisposable deployStep, IRepository repository, DeploymentInfoBase deploymentInfo, DeploymentAnalytics deploymentAnalytics, Boolean fullBuildByDefault, CancellationToken cancellationToken) in /tmp/KuduLite/Kudu.Core/Deployment/DeploymentManager.cs:line 771" /><!-- duration: 29ms -->
              <step title="Using GenericDeploymentLogParser" date="2025-10-26T18:55:30.747" /><!-- duration: 3ms -->
            </step><!-- duration: 653718ms -->
          </step><!-- duration: 653873ms -->
          <step title="Error occurred" date="2025-10-26T18:55:32.502" type="error" text="npm warn deprecated inflight@1.0.6: This module is not supported, and leaks memory. Do not use it. Check out lru-cache if you want a good and tested way to coalesce async requests by a key value, which is much more comprehensive and powerful.
npm warn deprecated abab@2.0.6: Use your platform&apos;s native atob() and btoa() methods instead
npm warn deprecated domexception@4.0.0: Use your platform&apos;s native DOMException instead
npm warn deprecated rimraf@3.0.2: Rimraf versions prior to v4 are no longer supported
npm warn deprecated @humanwhocodes/object-schema@2.0.3: Use @eslint/object-schema instead
npm warn deprecated @humanwhocodes/config-array@0.13.0: Use @eslint/config-array instead
npm warn deprecated glob@7.2.3: Glob versions prior to v9 are no longer supported
npm warn deprecated glob@7.2.3: Glob versions prior to v9 are no longer supported
npm warn deprecated glob@7.2.3: Glob versions prior to v9 are no longer supported
npm warn deprecated glob@7.2.3: Glob versions prior to v9 are no longer supported
npm warn deprecated glob@7.2.3: Glob versions prior to v9 are no longer supported
npm warn deprecated eslint@8.57.1: This version is no longer supported. Please see https://eslint.org/version-support for other options.
npm notice
npm notice New major version of npm available! 10.8.2 -&gt; 11.6.2
npm notice Changelog: https://github.com/npm/cli/releases/tag/v11.6.2
npm notice To update run: npm install -g npm@11.6.2
npm notice
 ⚠ You are using a non-standard &quot;NODE_ENV&quot; value in your environment. This creates inconsistencies in the project and is strongly advised against. Read more: https://nextjs.org/docs/messages/non-standard-node-env

&gt; Build error occurred
Error: error TS5083: Cannot read file &apos;/tsconfig.json&apos;.

    at getTypeScriptConfiguration (/tmp/8de14bfb783accf/node_modules/next/dist/lib/typescript/getTypeScriptConfiguration.js:49:19)
    at loadJsConfig (/tmp/8de14bfb783accf/node_modules/next/dist/build/load-jsconfig.js:112:91)
    at async loadProjectInfo (/tmp/8de14bfb783accf/node_modules/next/dist/build/webpack-config.js:283:43)
    at async /tmp/8de14bfb783accf/node_modules/next/dist/build/webpack-build/impl.js:137:22
    at async Span.traceAsyncFn (/tmp/8de14bfb783accf/node_modules/next/dist/trace/trace.js:154:20)
    at async webpackBuildImpl (/tmp/8de14bfb783accf/node_modules/next/dist/build/webpack-build/impl.js:136:21)
    at async Object.workerMain (/tmp/8de14bfb783accf/node_modules/next/dist/build/webpack-build/impl.js:330:20) {
  type: &apos;FatalError&apos;
}
/bin/bash -c &quot;oryx build /tmp/zipdeploy/extracted -o /home/site/wwwroot --platform nodejs --platform-version 20 -p virtualenv_name= --log-file /tmp/build-debug.log  -i /tmp/8de14bfb783accf -p compress_node_modules=tar-gz | tee /tmp/oryx-build.log ; exit $PIPESTATUS &quot;" stackTrace="   at Kudu.Core.Infrastructure.Executable.ExecuteInternal(ITracer tracer, Func`2 onWriteOutput, Func`2 onWriteError, CancellationToken token, Encoding encoding, String arguments, Object[] args) in /tmp/KuduLite/Kudu.Core/Infrastructure/Executable.cs:line 239
   at Kudu.Core.Infrastructure.Executable.ExecuteWithProgressWriter(ILogger logger, ITracer tracer, CancellationToken token, String arguments, Object[] args) in /tmp/KuduLite/Kudu.Core/Infrastructure/Executable.cs:line 118
   at Kudu.Core.Deployment.Generator.ExternalCommandBuilder.RunCommand(DeploymentContext context, String command, Boolean ignoreManifest, CancellationToken token, String message) in /tmp/KuduLite/Kudu.Core/Deployment/Generator/ExternalCommandBuilder.cs:line 122
   at Kudu.Core.Deployment.Generator.OryxBuilder.RunBuildCommand(IOryxArguments args, DeploymentContext context, CancellationToken token) in /tmp/KuduLite/Kudu.Core/Deployment/Generator/OryxBuilder.cs:line 295
   at Kudu.Core.Deployment.Generator.OryxBuilder.Build(DeploymentContext context, CancellationToken token) in /tmp/KuduLite/Kudu.Core/Deployment/Generator/OryxBuilder.cs:line 136
   at Kudu.Core.Deployment.DeploymentManager.Build(ChangeSet changeSet, ITracer tracer, IDisposable deployStep, IRepository repository, DeploymentInfoBase deploymentInfo, DeploymentAnalytics deploymentAnalytics, Boolean fullBuildByDefault, CancellationToken cancellationToken) in /tmp/KuduLite/Kudu.Core/Deployment/DeploymentManager.cs:line 771
   at Kudu.Core.Deployment.DeploymentManager.Build(ChangeSet changeSet, ITracer tracer, IDisposable deployStep, IRepository repository, DeploymentInfoBase deploymentInfo, DeploymentAnalytics deploymentAnalytics, Boolean fullBuildByDefault, CancellationToken cancellationToken) in /tmp/KuduLite/Kudu.Core/Deployment/DeploymentManager.cs:line 840" /><!-- duration: 4ms -->
          <step title="Cleaning up temp files" date="2025-10-26T18:55:32.632" /><!-- duration: 16079ms -->
          <step title="Cleaning up temp files" date="2025-10-26T18:55:48.715" /><!-- duration: 514ms -->
          <step title="Error occurred" date="2025-10-26T18:55:49.260" type="error" text="npm warn deprecated inflight@1.0.6: This module is not supported, and leaks memory. Do not use it. Check out lru-cache if you want a good and tested way to coalesce async requests by a key value, which is much more comprehensive and powerful.
npm warn deprecated abab@2.0.6: Use your platform&apos;s native atob() and btoa() methods instead
npm warn deprecated domexception@4.0.0: Use your platform&apos;s native DOMException instead
npm warn deprecated rimraf@3.0.2: Rimraf versions prior to v4 are no longer supported
npm warn deprecated @humanwhocodes/object-schema@2.0.3: Use @eslint/object-schema instead
npm warn deprecated @humanwhocodes/config-array@0.13.0: Use @eslint/config-array instead
npm warn deprecated glob@7.2.3: Glob versions prior to v9 are no longer supported
npm warn deprecated glob@7.2.3: Glob versions prior to v9 are no longer supported
npm warn deprecated glob@7.2.3: Glob versions prior to v9 are no longer supported
npm warn deprecated glob@7.2.3: Glob versions prior to v9 are no longer supported
npm warn deprecated glob@7.2.3: Glob versions prior to v9 are no longer supported
npm warn deprecated eslint@8.57.1: This version is no longer supported. Please see https://eslint.org/version-support for other options.
npm notice
npm notice New major version of npm available! 10.8.2 -&gt; 11.6.2
npm notice Changelog: https://github.com/npm/cli/releases/tag/v11.6.2
npm notice To update run: npm install -g npm@11.6.2
npm notice
 ⚠ You are using a non-standard &quot;NODE_ENV&quot; value in your environment. This creates inconsistencies in the project and is strongly advised against. Read more: https://nextjs.org/docs/messages/non-standard-node-env

&gt; Build error occurred
Error: error TS5083: Cannot read file &apos;/tsconfig.json&apos;.

    at getTypeScriptConfiguration (/tmp/8de14bfb783accf/node_modules/next/dist/lib/typescript/getTypeScriptConfiguration.js:49:19)
    at loadJsConfig (/tmp/8de14bfb783accf/node_modules/next/dist/build/load-jsconfig.js:112:91)
    at async loadProjectInfo (/tmp/8de14bfb783accf/node_modules/next/dist/build/webpack-config.js:283:43)
    at async /tmp/8de14bfb783accf/node_modules/next/dist/build/webpack-build/impl.js:137:22
    at async Span.traceAsyncFn (/tmp/8de14bfb783accf/node_modules/next/dist/trace/trace.js:154:20)
    at async webpackBuildImpl (/tmp/8de14bfb783accf/node_modules/next/dist/build/webpack-build/impl.js:136:21)
    at async Object.workerMain (/tmp/8de14bfb783accf/node_modules/next/dist/build/webpack-build/impl.js:330:20) {
  type: &apos;FatalError&apos;
}
/bin/bash -c &quot;oryx build /tmp/zipdeploy/extracted -o /home/site/wwwroot --platform nodejs --platform-version 20 -p virtualenv_name= --log-file /tmp/build-debug.log  -i /tmp/8de14bfb783accf -p compress_node_modules=tar-gz | tee /tmp/oryx-build.log ; exit $PIPESTATUS &quot;" stackTrace="   at Kudu.Core.Infrastructure.Executable.ExecuteInternal(ITracer tracer, Func`2 onWriteOutput, Func`2 onWriteError, CancellationToken token, Encoding encoding, String arguments, Object[] args) in /tmp/KuduLite/Kudu.Core/Infrastructure/Executable.cs:line 239
   at Kudu.Core.Infrastructure.Executable.ExecuteWithProgressWriter(ILogger logger, ITracer tracer, CancellationToken token, String arguments, Object[] args) in /tmp/KuduLite/Kudu.Core/Infrastructure/Executable.cs:line 118
   at Kudu.Core.Deployment.Generator.ExternalCommandBuilder.RunCommand(DeploymentContext context, String command, Boolean ignoreManifest, CancellationToken token, String message) in /tmp/KuduLite/Kudu.Core/Deployment/Generator/ExternalCommandBuilder.cs:line 122
   at Kudu.Core.Deployment.Generator.OryxBuilder.RunBuildCommand(IOryxArguments args, DeploymentContext context, CancellationToken token) in /tmp/KuduLite/Kudu.Core/Deployment/Generator/OryxBuilder.cs:line 295
   at Kudu.Core.Deployment.Generator.OryxBuilder.Build(DeploymentContext context, CancellationToken token) in /tmp/KuduLite/Kudu.Core/Deployment/Generator/OryxBuilder.cs:line 136
   at Kudu.Core.Deployment.DeploymentManager.Build(ChangeSet changeSet, ITracer tracer, IDisposable deployStep, IRepository repository, DeploymentInfoBase deploymentInfo, DeploymentAnalytics deploymentAnalytics, Boolean fullBuildByDefault, CancellationToken cancellationToken) in /tmp/KuduLite/Kudu.Core/Deployment/DeploymentManager.cs:line 771
   at Kudu.Core.Deployment.DeploymentManager.Build(ChangeSet changeSet, ITracer tracer, IDisposable deployStep, IRepository repository, DeploymentInfoBase deploymentInfo, DeploymentAnalytics deploymentAnalytics, Boolean fullBuildByDefault, CancellationToken cancellationToken) in /tmp/KuduLite/Kudu.Core/Deployment/DeploymentManager.cs:line 840
   at Kudu.Core.Deployment.DeploymentManager.DeployAsync(IRepository repository, ChangeSet changeSet, String deployer, Boolean clean, DeploymentInfoBase deploymentInfo, Boolean needFileUpdate, Boolean fullBuildByDefault) in /tmp/KuduLite/Kudu.Core/Deployment/DeploymentManager.cs:line 266" /><!-- duration: 9ms -->
        </step><!-- duration: 670900ms -->
        <step title="Reloading status file with latest updates" date="2025-10-26T18:55:49.341" >
          <step title="WebHooksManager.PublishEventAsync: PostDeployment" date="2025-10-26T18:55:49.360" /><!-- duration: 312ms -->
        </step><!-- duration: 349ms -->
        <step title="Error occurred" date="2025-10-26T18:55:49.692" type="error" text="npm warn deprecated inflight@1.0.6: This module is not supported, and leaks memory. Do not use it. Check out lru-cache if you want a good and tested way to coalesce async requests by a key value, which is much more comprehensive and powerful.
npm warn deprecated abab@2.0.6: Use your platform&apos;s native atob() and btoa() methods instead
npm warn deprecated domexception@4.0.0: Use your platform&apos;s native DOMException instead
npm warn deprecated rimraf@3.0.2: Rimraf versions prior to v4 are no longer supported
npm warn deprecated @humanwhocodes/object-schema@2.0.3: Use @eslint/object-schema instead
npm warn deprecated @humanwhocodes/config-array@0.13.0: Use @eslint/config-array instead
npm warn deprecated glob@7.2.3: Glob versions prior to v9 are no longer supported
npm warn deprecated glob@7.2.3: Glob versions prior to v9 are no longer supported
npm warn deprecated glob@7.2.3: Glob versions prior to v9 are no longer supported
npm warn deprecated glob@7.2.3: Glob versions prior to v9 are no longer supported
npm warn deprecated glob@7.2.3: Glob versions prior to v9 are no longer supported
npm warn deprecated eslint@8.57.1: This version is no longer supported. Please see https://eslint.org/version-support for other options.
npm notice
npm notice New major version of npm available! 10.8.2 -&gt; 11.6.2
npm notice Changelog: https://github.com/npm/cli/releases/tag/v11.6.2
npm notice To update run: npm install -g npm@11.6.2
npm notice
 ⚠ You are using a non-standard &quot;NODE_ENV&quot; value in your environment. This creates inconsistencies in the project and is strongly advised against. Read more: https://nextjs.org/docs/messages/non-standard-node-env

&gt; Build error occurred
Error: error TS5083: Cannot read file &apos;/tsconfig.json&apos;.

    at getTypeScriptConfiguration (/tmp/8de14bfb783accf/node_modules/next/dist/lib/typescript/getTypeScriptConfiguration.js:49:19)
    at loadJsConfig (/tmp/8de14bfb783accf/node_modules/next/dist/build/load-jsconfig.js:112:91)
    at async loadProjectInfo (/tmp/8de14bfb783accf/node_modules/next/dist/build/webpack-config.js:283:43)
    at async /tmp/8de14bfb783accf/node_modules/next/dist/build/webpack-build/impl.js:137:22
    at async Span.traceAsyncFn (/tmp/8de14bfb783accf/node_modules/next/dist/trace/trace.js:154:20)
    at async webpackBuildImpl (/tmp/8de14bfb783accf/node_modules/next/dist/build/webpack-build/impl.js:136:21)
    at async Object.workerMain (/tmp/8de14bfb783accf/node_modules/next/dist/build/webpack-build/impl.js:330:20) {
  type: &apos;FatalError&apos;
}
/bin/bash -c &quot;oryx build /tmp/zipdeploy/extracted -o /home/site/wwwroot --platform nodejs --platform-version 20 -p virtualenv_name= --log-file /tmp/build-debug.log  -i /tmp/8de14bfb783accf -p compress_node_modules=tar-gz | tee /tmp/oryx-build.log ; exit $PIPESTATUS &quot;" stackTrace="   at Kudu.Core.Infrastructure.Executable.ExecuteInternal(ITracer tracer, Func`2 onWriteOutput, Func`2 onWriteError, CancellationToken token, Encoding encoding, String arguments, Object[] args) in /tmp/KuduLite/Kudu.Core/Infrastructure/Executable.cs:line 239
   at Kudu.Core.Infrastructure.Executable.ExecuteWithProgressWriter(ILogger logger, ITracer tracer, CancellationToken token, String arguments, Object[] args) in /tmp/KuduLite/Kudu.Core/Infrastructure/Executable.cs:line 118
   at Kudu.Core.Deployment.Generator.ExternalCommandBuilder.RunCommand(DeploymentContext context, String command, Boolean ignoreManifest, CancellationToken token, String message) in /tmp/KuduLite/Kudu.Core/Deployment/Generator/ExternalCommandBuilder.cs:line 122
   at Kudu.Core.Deployment.Generator.OryxBuilder.RunBuildCommand(IOryxArguments args, DeploymentContext context, CancellationToken token) in /tmp/KuduLite/Kudu.Core/Deployment/Generator/OryxBuilder.cs:line 295
   at Kudu.Core.Deployment.Generator.OryxBuilder.Build(DeploymentContext context, CancellationToken token) in /tmp/KuduLite/Kudu.Core/Deployment/Generator/OryxBuilder.cs:line 136
   at Kudu.Core.Deployment.DeploymentManager.Build(ChangeSet changeSet, ITracer tracer, IDisposable deployStep, IRepository repository, DeploymentInfoBase deploymentInfo, DeploymentAnalytics deploymentAnalytics, Boolean fullBuildByDefault, CancellationToken cancellationToken) in /tmp/KuduLite/Kudu.Core/Deployment/DeploymentManager.cs:line 771
   at Kudu.Core.Deployment.DeploymentManager.Build(ChangeSet changeSet, ITracer tracer, IDisposable deployStep, IRepository repository, DeploymentInfoBase deploymentInfo, DeploymentAnalytics deploymentAnalytics, Boolean fullBuildByDefault, CancellationToken cancellationToken) in /tmp/KuduLite/Kudu.Core/Deployment/DeploymentManager.cs:line 840
   at Kudu.Core.Deployment.DeploymentManager.DeployAsync(IRepository repository, ChangeSet changeSet, String deployer, Boolean clean, DeploymentInfoBase deploymentInfo, Boolean needFileUpdate, Boolean fullBuildByDefault) in /tmp/KuduLite/Kudu.Core/Deployment/DeploymentManager.cs:line 266" /><!-- duration: 9ms -->
        <step title="Marking deployment as failed and cleaning up the temp deployment" date="2025-10-26T18:55:49.853" /><!-- duration: 11ms -->
      </step><!-- duration: 673121ms -->
      <step title="Error occurred" date="2025-10-26T18:55:50.012" type="error" text="One or more errors occurred. (Deployment failed)" stackTrace="   at System.Threading.Tasks.Task.ThrowIfExceptional(Boolean includeTaskCanceledExceptions)
   at System.Threading.Tasks.Task.Wait(Int32 millisecondsTimeout, CancellationToken cancellationToken)
   at System.Threading.Tasks.Task.Wait()
   at Kudu.Core.Deployment.FetchDeploymentManager.&lt;&gt;c__DisplayClass22_1.&lt;PerformBackgroundDeployment&gt;b__3() in /tmp/KuduLite/Kudu.Core/Deployment/FetchDeploymentManager.cs:line 414
   at Kudu.Contracts.Infrastructure.LockExtensions.TryLockOperation(IOperationLock lockObj, Action operation, String operationName, TimeSpan timeout) in /tmp/KuduLite/Kudu.Contracts/Infrastructure/LockExtensions.cs:line 34
   at Kudu.Contracts.Infrastructure.LockExtensions.LockOperation(IOperationLock lockObj, Action operation, String operationName, TimeSpan timeout) in /tmp/KuduLite/Kudu.Contracts/Infrastructure/LockExtensions.cs:line 46
   at Kudu.Core.Deployment.FetchDeploymentManager.&lt;&gt;c__DisplayClass22_0.&lt;PerformBackgroundDeployment&gt;b__1() in /tmp/KuduLite/Kudu.Core/Deployment/FetchDeploymentManager.cs:line 393" innerText="Deployment failed" innerStackTrace="   at Kudu.Core.Deployment.DeploymentManager.DeployAsync(IRepository repository, ChangeSet changeSet, String deployer, Boolean clean, DeploymentInfoBase deploymentInfo, Boolean needFileUpdate, Boolean fullBuildByDefault) in /tmp/KuduLite/Kudu.Core/Deployment/DeploymentManager.cs:line 307
   at Kudu.Core.Deployment.FetchDeploymentManager.PerformDeployment(DeploymentInfoBase deploymentInfo, IDisposable tempDeployment, ChangeSet tempChangeSet, DeployStatusApiResult updateStatusObj) in /tmp/KuduLite/Kudu.Core/Deployment/FetchDeploymentManager.cs:line 230" /><!-- duration: 7ms -->
    </step><!-- duration: 673165ms -->
